<?xml version="1.0" encoding="UTF-8"?>
<testsuite xmlns:xsi="http://www.w3.org/2001/XMLSchema-instance" xsi:schemaLocation="https://maven.apache.org/surefire/maven-surefire-plugin/xsd/surefire-test-report.xsd" name="TestSuite" time="250.133" tests="9" errors="0" skipped="0" failures="1">
  <properties>
    <property name="java.runtime.name" value="Java(TM) SE Runtime Environment"/>
    <property name="sun.boot.library.path" value="C:\Program Files\Java\jdk1.8.0_60\jre\bin"/>
    <property name="java.vm.version" value="25.60-b23"/>
    <property name="java.vm.vendor" value="Oracle Corporation"/>
    <property name="maven.multiModuleProjectDirectory" value="F:\Selenium_Maven\Project_Directory\MAM_UKMA_SMS"/>
    <property name="java.vendor.url" value="http://java.oracle.com/"/>
    <property name="path.separator" value=";"/>
    <property name="guice.disable.misplaced.annotation.check" value="true"/>
    <property name="java.vm.name" value="Java HotSpot(TM) 64-Bit Server VM"/>
    <property name="file.encoding.pkg" value="sun.io"/>
    <property name="user.script" value=""/>
    <property name="user.country" value="IN"/>
    <property name="sun.java.launcher" value="SUN_STANDARD"/>
    <property name="sun.os.patch.level" value=""/>
    <property name="java.vm.specification.name" value="Java Virtual Machine Specification"/>
    <property name="user.dir" value="F:\Selenium_Maven\Project_Directory\MAM_UKMA_SMS"/>
    <property name="java.runtime.version" value="1.8.0_60-b27"/>
    <property name="java.awt.graphicsenv" value="sun.awt.Win32GraphicsEnvironment"/>
    <property name="java.endorsed.dirs" value="C:\Program Files\Java\jdk1.8.0_60\jre\lib\endorsed"/>
    <property name="os.arch" value="amd64"/>
    <property name="java.io.tmpdir" value="C:\Users\ANUPAM\AppData\Local\Temp\"/>
    <property name="line.separator" value="&#10;"/>
    <property name="java.vm.specification.vendor" value="Oracle Corporation"/>
    <property name="user.variant" value=""/>
    <property name="os.name" value="Windows 8.1"/>
    <property name="classworlds.conf" value="F:\Softwares\apache-maven-3.3.3\bin\m2.conf"/>
    <property name="sun.jnu.encoding" value="Cp1252"/>
    <property name="java.library.path" value="C:\Program Files\Java\jdk1.8.0_60\bin;C:\Windows\Sun\Java\bin;C:\Windows\system32;C:\Windows;C:\Program Files\Java\jdk1.8.0_60\bin;F:\Softwares\apache-ant-1.9.6-bin\apache-ant-1.9.6\bin;C:\Program Files\Microsoft SQL Server\Client SDK\ODBC\110\Tools\Binn\;C:\Program Files (x86)\Microsoft SQL Server\120\Tools\Binn\;C:\Program Files\Microsoft SQL Server\120\Tools\Binn\;C:\Program Files\Microsoft SQL Server\120\DTS\Binn\;c:\Program Files (x86)\Microsoft SQL Server\110\Tools\Binn\ManagementStudio\;c:\Program Files (x86)\Microsoft SQL Server\110\Tools\Binn\;c:\Program Files (x86)\Microsoft SQL Server\110\DTS\Binn\;C:\Program Files (x86)\Skype\Phone\;F:\Softwares\apache-maven-3.3.3\bin;C:\Windows\System32;C:\Program Files\VisualSVN Server\bin;."/>
    <property name="java.specification.name" value="Java Platform API Specification"/>
    <property name="java.class.version" value="52.0"/>
    <property name="sun.management.compiler" value="HotSpot 64-Bit Tiered Compilers"/>
    <property name="os.version" value="6.3"/>
    <property name="user.home" value="C:\Users\ANUPAM"/>
    <property name="user.timezone" value="Asia/Calcutta"/>
    <property name="java.awt.printerjob" value="sun.awt.windows.WPrinterJob"/>
    <property name="java.specification.version" value="1.8"/>
    <property name="file.encoding" value="Cp1252"/>
    <property name="user.name" value="ANUPAM"/>
    <property name="java.class.path" value="F:\Softwares\apache-maven-3.3.3\boot\plexus-classworlds-2.5.2.jar"/>
    <property name="java.vm.specification.version" value="1.8"/>
    <property name="sun.arch.data.model" value="64"/>
    <property name="java.home" value="C:\Program Files\Java\jdk1.8.0_60\jre"/>
    <property name="sun.java.command" value="org.codehaus.plexus.classworlds.launcher.Launcher test"/>
    <property name="java.specification.vendor" value="Oracle Corporation"/>
    <property name="user.language" value="en"/>
    <property name="awt.toolkit" value="sun.awt.windows.WToolkit"/>
    <property name="java.vm.info" value="mixed mode"/>
    <property name="java.version" value="1.8.0_60"/>
    <property name="java.ext.dirs" value="C:\Program Files\Java\jdk1.8.0_60\jre\lib\ext;C:\Windows\Sun\Java\lib\ext"/>
    <property name="sun.boot.class.path" value="C:\Program Files\Java\jdk1.8.0_60\jre\lib\resources.jar;C:\Program Files\Java\jdk1.8.0_60\jre\lib\rt.jar;C:\Program Files\Java\jdk1.8.0_60\jre\lib\sunrsasign.jar;C:\Program Files\Java\jdk1.8.0_60\jre\lib\jsse.jar;C:\Program Files\Java\jdk1.8.0_60\jre\lib\jce.jar;C:\Program Files\Java\jdk1.8.0_60\jre\lib\charsets.jar;C:\Program Files\Java\jdk1.8.0_60\jre\lib\jfr.jar;C:\Program Files\Java\jdk1.8.0_60\jre\classes"/>
    <property name="sun.stderr.encoding" value="cp437"/>
    <property name="java.vendor" value="Oracle Corporation"/>
    <property name="maven.home" value="F:\Softwares\apache-maven-3.3.3"/>
    <property name="file.separator" value="\"/>
    <property name="java.vendor.url.bug" value="http://bugreport.sun.com/bugreport/"/>
    <property name="sun.cpu.endian" value="little"/>
    <property name="sun.io.unicode.encoding" value="UnicodeLittle"/>
    <property name="sun.stdout.encoding" value="cp437"/>
    <property name="sun.desktop" value="windows"/>
    <property name="sun.cpu.isalist" value="amd64"/>
  </properties>
  <testcase name="invalidLoginTest" classname="mam.ukma.com.testcases.LoginTest" time="91.537"/>
  <testcase name="invalidLoginTest" classname="mam.ukma.com.testcases.LoginTest" time="15.409"/>
  <testcase name="invalidLoginTest" classname="mam.ukma.com.testcases.LoginTest" time="9.532"/>
  <testcase name="createNewJob" classname="mam.ukma.com.testcases.JobTest" time="21.367"/>
  <testcase name="createNewJob" classname="mam.ukma.com.testcases.JobTest" time="13.846"/>
  <testcase name="createNewJob" classname="mam.ukma.com.testcases.JobTest" time="25.539"/>
  <testcase name="createNewJob" classname="mam.ukma.com.testcases.JobTest" time="15.682"/>
  <testcase name="createNewJob" classname="mam.ukma.com.testcases.JobTest" time="25.44">
    <failure message="Web Element [[ChromeDriver: chrome on WIN8_1 (e010528fe63d156b44318676f600f16b)] -&gt; xpath: //select[@id=&apos;MainContent_ddlMeterWorkTypes&apos;]] is not present on the page! no such element: Unable to locate element: {&quot;method&quot;:&quot;xpath&quot;,&quot;selector&quot;:&quot;//select[@id=&apos;MainContent_ddlMeterWorkTypes&apos;]&quot;}&#10;  (Session info: chrome=53.0.2785.116)&#10;  (Driver info: chromedriver=2.20.353145 (343b531d31eeb933ec778dbcf7081628a1396067),platform=Windows NT 6.3 x86_64) (WARNING: The server did not provide any stacktrace information)&#10;Command duration or timeout: 1.19 seconds&#10;For documentation on this error, please visit: http://seleniumhq.org/exceptions/no_such_element.html&#10;Build info: version: &apos;2.49.0&apos;, revision: &apos;365eeb44deba2067b1761c8862ef21d55250e063&apos;, time: &apos;2016-01-13 11:57:39&apos;&#10;System info: host: &apos;hp&apos;, ip: &apos;192.168.43.142&apos;, os.name: &apos;Windows 8.1&apos;, os.arch: &apos;amd64&apos;, os.version: &apos;6.3&apos;, java.version: &apos;1.8.0_60&apos;&#10;Driver info: org.openqa.selenium.chrome.ChromeDriver&#10;Capabilities [{applicationCacheEnabled=false, rotatable=false, mobileEmulationEnabled=false, chrome={userDataDir=C:\Users\ANUPAM\AppData\Local\Temp\scoped_dir4396_31315}, takesHeapSnapshot=true, databaseEnabled=false, handlesAlerts=true, hasTouchScreen=false, version=53.0.2785.116, platform=WIN8_1, browserConnectionEnabled=false, nativeEvents=true, acceptSslCerts=true, locationContextEnabled=true, webStorageEnabled=true, browserName=chrome, takesScreenshot=true, javascriptEnabled=true, cssSelectorsEnabled=true}]&#10;Session ID: e010528fe63d156b44318676f600f16b&#10;*** Element info: {Using=xpath, value=//select[@id=&apos;MainContent_ddlMeterWorkTypes&apos;]}" type="java.lang.AssertionError">java.lang.AssertionError: 
Web Element [[ChromeDriver: chrome on WIN8_1 (e010528fe63d156b44318676f600f16b)] -> xpath: //select[@id='MainContent_ddlMeterWorkTypes']] is not present on the page! no such element: Unable to locate element: {"method":"xpath","selector":"//select[@id='MainContent_ddlMeterWorkTypes']"}
  (Session info: chrome=53.0.2785.116)
  (Driver info: chromedriver=2.20.353145 (343b531d31eeb933ec778dbcf7081628a1396067),platform=Windows NT 6.3 x86_64) (WARNING: The server did not provide any stacktrace information)
Command duration or timeout: 1.19 seconds
For documentation on this error, please visit: http://seleniumhq.org/exceptions/no_such_element.html
Build info: version: '2.49.0', revision: '365eeb44deba2067b1761c8862ef21d55250e063', time: '2016-01-13 11:57:39'
System info: host: 'hp', ip: '192.168.43.142', os.name: 'Windows 8.1', os.arch: 'amd64', os.version: '6.3', java.version: '1.8.0_60'
Driver info: org.openqa.selenium.chrome.ChromeDriver
Capabilities [{applicationCacheEnabled=false, rotatable=false, mobileEmulationEnabled=false, chrome={userDataDir=C:\Users\ANUPAM\AppData\Local\Temp\scoped_dir4396_31315}, takesHeapSnapshot=true, databaseEnabled=false, handlesAlerts=true, hasTouchScreen=false, version=53.0.2785.116, platform=WIN8_1, browserConnectionEnabled=false, nativeEvents=true, acceptSslCerts=true, locationContextEnabled=true, webStorageEnabled=true, browserName=chrome, takesScreenshot=true, javascriptEnabled=true, cssSelectorsEnabled=true}]
Session ID: e010528fe63d156b44318676f600f16b
*** Element info: {Using=xpath, value=//select[@id='MainContent_ddlMeterWorkTypes']}
	at mam.ukma.com.testcases.JobTest.createNewJob(JobTest.java:40)
</failure>
    <system-out><![CDATA[MeterPoint---N
CreateJob---Y
]]></system-out>
    <system-err><![CDATA[Starting ChromeDriver 2.20.353145 (343b531d31eeb933ec778dbcf7081628a1396067) on port 5828
Only local connections are allowed.
]]></system-err>
  </testcase>
  <testcase name="createNewJob" classname="mam.ukma.com.testcases.JobTest" time="20.834"/>
</testsuite>