<?xml version="1.0" encoding="UTF-8"?>
<!-- Generated by org.testng.reporters.JUnitReportReporter -->
<testsuite hostname="hp" name="mam.ukma.com.testcases.MeterPointTest" tests="1" failures="0" timestamp="3 Oct 2016 17:53:43 GMT" time="20.746" errors="0">
  <testcase name="searchMeterPoint" time="20.746" classname="mam.ukma.com.testcases.MeterPointTest"/>
</testsuite> <!-- mam.ukma.com.testcases.MeterPointTest -->
