<?xml version="1.0" encoding="UTF-8"?>
<!-- Generated by org.testng.reporters.JUnitReportReporter -->
<testsuite hostname="hp" name="mam.ukma.com.testcases.LoginTest" tests="3" failures="0" timestamp="26 Sep 2016 20:04:39 GMT" time="116.487" errors="0">
  <testcase name="invalidLoginTest" time="9.532" classname="mam.ukma.com.testcases.LoginTest"/>
  <testcase name="invalidLoginTest" time="15.415" classname="mam.ukma.com.testcases.LoginTest"/>
  <testcase name="invalidLoginTest" time="91.540" classname="mam.ukma.com.testcases.LoginTest"/>
</testsuite> <!-- mam.ukma.com.testcases.LoginTest -->
